0 verbose cli /usr/local/bin/node /usr/local/bin/npm
1 info using npm@8.19.4
2 info using node@v16.20.2
3 timing npm:load:whichnode Completed in 1ms
4 timing config:load:defaults Completed in 1ms
5 timing config:load:file:/usr/local/lib/node_modules/npm/npmrc Completed in 1ms
6 timing config:load:builtin Completed in 1ms
7 warn config production Use `--omit=dev` instead.
8 timing config:load:cli Completed in 11ms
9 timing config:load:env Completed in 2ms
10 timing config:load:file:/data/.npmrc Completed in 0ms
11 timing config:load:project Completed in 11ms
12 timing config:load:file:/usr/src/node-red/.npmrc Completed in 0ms
13 timing config:load:user Completed in 1ms
14 timing config:load:file:/usr/local/etc/npmrc Completed in 2ms
15 timing config:load:global Completed in 2ms
16 timing config:load:validate Completed in 0ms
17 timing config:load:credentials Completed in 1ms
18 timing config:load:setEnvs Completed in 1ms
19 timing config:load Completed in 35ms
20 timing npm:load:configload Completed in 35ms
21 timing npm:load:mkdirpcache Completed in 1ms
22 timing npm:load:mkdirplogs Completed in 0ms
23 verbose title npm install node-red-node-ui-lineargauge@0.3.7
24 verbose argv "install" "--no-audit" "--no-update-notifier" "--no-fund" "--save" "--save-prefix" "~" "--production" "--engine-strict" "node-red-node-ui-lineargauge@0.3.7"
25 timing npm:load:setTitle Completed in 2ms
26 timing config:load:flatten Completed in 4ms
27 timing npm:load:display Completed in 7ms
28 verbose logfile logs-max:10 dir:/data/.npm/_logs
29 verbose logfile /data/.npm/_logs/2024-05-08T18_48_55_102Z-debug-0.log
30 timing npm:load:logFile Completed in 6ms
31 timing npm:load:timers Completed in 0ms
32 timing npm:load:configScope Completed in 0ms
33 timing npm:load Completed in 52ms
34 timing arborist:ctor Completed in 1ms
35 silly logfile done cleaning log files
36 timing arborist:ctor Completed in 0ms
37 timing idealTree:init Completed in 14ms
38 timing idealTree:userRequests Completed in 3ms
39 silly idealTree buildDeps
40 silly fetch manifest node-red-node-ui-lineargauge@0.3.7
41 http fetch GET 200 https://registry.npmjs.org/node-red-node-ui-lineargauge 1173ms (cache miss)
42 silly fetch manifest node-red-dashboard@>2.13.0
43 http fetch GET 200 https://registry.npmjs.org/node-red-dashboard 2314ms (cache miss)
44 silly placeDep ROOT node-red-node-ui-lineargauge@0.3.7 OK for: node-red-project@0.0.1 want: 0.3.7
45 silly placeDep ROOT node-red-dashboard@3.6.5 OK for: node-red-node-ui-lineargauge@0.3.7 want: >2.13.0
46 silly fetch manifest compression@^1.7.4
47 silly fetch manifest gridstack@^0.6.4
48 silly fetch manifest serve-static@^1.15.0
49 silly fetch manifest socket.io@^4.7.4
50 http fetch GET 200 https://registry.npmjs.org/compression 303ms (cache miss)
51 http fetch GET 200 https://registry.npmjs.org/serve-static 899ms (cache miss)
52 http fetch GET 200 https://registry.npmjs.org/socket.io 1141ms (cache miss)
53 http fetch GET 200 https://registry.npmjs.org/gridstack 3935ms (cache miss)
54 timing idealTree:#root Completed in 7480ms
55 silly placeDep ROOT compression@1.7.4 OK for: node-red-dashboard@3.6.5 want: ^1.7.4
56 silly placeDep ROOT gridstack@0.6.4 OK for: node-red-dashboard@3.6.5 want: ^0.6.4
57 silly placeDep ROOT serve-static@1.15.0 OK for: node-red-dashboard@3.6.5 want: ^1.15.0
58 silly placeDep ROOT socket.io@4.7.5 OK for: node-red-dashboard@3.6.5 want: ^4.7.4
59 silly fetch manifest accepts@~1.3.5
60 silly fetch manifest bytes@3.0.0
61 silly fetch manifest compressible@~2.0.16
62 silly fetch manifest debug@2.6.9
63 silly fetch manifest on-headers@~1.0.2
64 silly fetch manifest safe-buffer@5.1.2
65 silly fetch manifest vary@~1.1.2
66 silly fetch manifest jquery@^1.8 || 2 || 3
67 silly fetch manifest encodeurl@~1.0.2
68 silly fetch manifest escape-html@~1.0.3
69 silly fetch manifest parseurl@~1.3.3
70 silly fetch manifest send@0.18.0
71 silly fetch manifest accepts@~1.3.4
72 silly fetch manifest base64id@~2.0.0
73 silly fetch manifest cors@~2.8.5
74 silly fetch manifest debug@~4.3.2
75 silly fetch manifest engine.io@~6.5.2
76 silly fetch manifest socket.io-adapter@~2.5.2
77 silly fetch manifest socket.io-parser@~4.2.4
78 http fetch GET 200 https://registry.npmjs.org/encodeurl 341ms (cache miss)
79 http fetch GET 200 https://registry.npmjs.org/escape-html 342ms (cache miss)
80 http fetch GET 200 https://registry.npmjs.org/base64id 375ms (cache miss)
81 http fetch GET 200 https://registry.npmjs.org/socket.io-adapter 660ms (cache miss)
82 http fetch GET 200 https://registry.npmjs.org/debug 718ms (cache miss)
83 http fetch GET 200 https://registry.npmjs.org/on-headers 768ms (cache miss)
84 http fetch GET 200 https://registry.npmjs.org/vary 779ms (cache miss)
85 http fetch GET 200 https://registry.npmjs.org/accepts 793ms (cache miss)
86 http fetch GET 200 https://registry.npmjs.org/parseurl 791ms (cache miss)
87 http fetch GET 200 https://registry.npmjs.org/cors 832ms (cache miss)
88 http fetch GET 200 https://registry.npmjs.org/send 839ms (cache miss)
89 http fetch GET 200 https://registry.npmjs.org/safe-buffer 864ms (cache miss)
90 http fetch GET 200 https://registry.npmjs.org/jquery 1013ms (cache miss)
91 http fetch GET 200 https://registry.npmjs.org/bytes 1042ms (cache miss)
92 http fetch GET 200 https://registry.npmjs.org/accepts 1035ms (cache miss)
93 http fetch GET 200 https://registry.npmjs.org/compressible 1048ms (cache miss)
94 http fetch GET 200 https://registry.npmjs.org/debug 1065ms (cache miss)
95 http fetch GET 200 https://registry.npmjs.org/engine.io 1257ms (cache miss)
96 http fetch GET 200 https://registry.npmjs.org/socket.io-parser 1367ms (cache miss)
97 timing idealTree:node_modules/node-red-dashboard Completed in 1400ms
98 silly placeDep ROOT accepts@1.3.8 OK for: compression@1.7.4 want: ~1.3.5
99 silly placeDep ROOT bytes@3.0.0 OK for: compression@1.7.4 want: 3.0.0
100 silly placeDep ROOT compressible@2.0.18 OK for: compression@1.7.4 want: ~2.0.16
101 silly placeDep ROOT debug@2.6.9 OK for: compression@1.7.4 want: 2.6.9
102 silly placeDep ROOT on-headers@1.0.2 OK for: compression@1.7.4 want: ~1.0.2
103 silly placeDep ROOT safe-buffer@5.1.2 OK for: compression@1.7.4 want: 5.1.2
104 silly placeDep ROOT vary@1.1.2 OK for: compression@1.7.4 want: ~1.1.2
105 silly fetch manifest mime-types@~2.1.34
106 silly fetch manifest negotiator@0.6.3
107 silly fetch manifest mime-db@>= 1.43.0 < 2
108 silly fetch manifest ms@2.0.0
109 http fetch GET 200 https://registry.npmjs.org/mime-types 283ms (cache miss)
110 http fetch GET 200 https://registry.npmjs.org/ms 287ms (cache miss)
111 http fetch GET 200 https://registry.npmjs.org/negotiator 722ms (cache miss)
112 http fetch GET 200 https://registry.npmjs.org/mime-db 800ms (cache miss)
113 timing idealTree:node_modules/compression Completed in 840ms
114 silly placeDep ROOT mime-types@2.1.35 OK for: accepts@1.3.8 want: ~2.1.34
115 silly placeDep ROOT negotiator@0.6.3 OK for: accepts@1.3.8 want: 0.6.3
116 silly fetch manifest mime-db@1.52.0
117 timing idealTree:node_modules/accepts Completed in 9ms
118 timing idealTree:node_modules/bytes Completed in 0ms
119 silly placeDep ROOT mime-db@1.52.0 OK for: compressible@2.0.18 want: >= 1.43.0 < 2
120 timing idealTree:node_modules/compressible Completed in 3ms
121 silly placeDep ROOT ms@2.0.0 OK for: debug@2.6.9 want: 2.0.0
122 timing idealTree:node_modules/debug Completed in 2ms
123 silly placeDep ROOT jquery@3.7.1 OK for: gridstack@0.6.4 want: ^1.8 || 2 || 3
124 timing idealTree:node_modules/gridstack Completed in 2ms
125 timing idealTree:node_modules/jquery Completed in 0ms
126 timing idealTree:node_modules/mime-db Completed in 0ms
127 timing idealTree:node_modules/mime-types Completed in 0ms
128 timing idealTree:node_modules/ms Completed in 0ms
129 timing idealTree:node_modules/negotiator Completed in 0ms
130 timing idealTree:node_modules/node-red-node-ui-lineargauge Completed in 0ms
131 timing idealTree:node_modules/on-headers Completed in 0ms
132 timing idealTree:node_modules/safe-buffer Completed in 0ms
133 silly placeDep ROOT encodeurl@1.0.2 OK for: serve-static@1.15.0 want: ~1.0.2
134 silly placeDep ROOT escape-html@1.0.3 OK for: serve-static@1.15.0 want: ~1.0.3
135 silly placeDep ROOT parseurl@1.3.3 OK for: serve-static@1.15.0 want: ~1.3.3
136 silly placeDep ROOT send@0.18.0 OK for: serve-static@1.15.0 want: 0.18.0
137 silly fetch manifest depd@2.0.0
138 silly fetch manifest destroy@1.2.0
139 silly fetch manifest etag@~1.8.1
140 silly fetch manifest fresh@0.5.2
141 silly fetch manifest http-errors@2.0.0
142 silly fetch manifest mime@1.6.0
143 silly fetch manifest ms@2.1.3
144 silly fetch manifest on-finished@2.4.1
145 silly fetch manifest range-parser@~1.2.1
146 silly fetch manifest statuses@2.0.1
147 http fetch GET 200 https://registry.npmjs.org/destroy 295ms (cache miss)
148 http fetch GET 200 https://registry.npmjs.org/depd 320ms (cache miss)
149 http fetch GET 200 https://registry.npmjs.org/mime 740ms (cache miss)
150 http fetch GET 200 https://registry.npmjs.org/fresh 767ms (cache miss)
151 http fetch GET 200 https://registry.npmjs.org/http-errors 823ms (cache miss)
152 http fetch GET 200 https://registry.npmjs.org/statuses 966ms (cache miss)
153 http fetch GET 200 https://registry.npmjs.org/on-finished 1061ms (cache miss)
154 http fetch GET 200 https://registry.npmjs.org/range-parser 1061ms (cache miss)
155 http fetch GET 200 https://registry.npmjs.org/etag 1067ms (cache miss)
156 timing idealTree:node_modules/serve-static Completed in 1077ms
157 timing idealTree:node_modules/encodeurl Completed in 0ms
158 timing idealTree:node_modules/escape-html Completed in 0ms
159 timing idealTree:node_modules/parseurl Completed in 0ms
160 silly placeDep ROOT depd@2.0.0 OK for: send@0.18.0 want: 2.0.0
161 silly placeDep ROOT destroy@1.2.0 OK for: send@0.18.0 want: 1.2.0
162 silly placeDep ROOT etag@1.8.1 OK for: send@0.18.0 want: ~1.8.1
163 silly placeDep ROOT fresh@0.5.2 OK for: send@0.18.0 want: 0.5.2
164 silly placeDep ROOT http-errors@2.0.0 OK for: send@0.18.0 want: 2.0.0
165 silly placeDep ROOT mime@1.6.0 OK for: send@0.18.0 want: 1.6.0
166 silly placeDep node_modules/send ms@2.1.3 OK for: send@0.18.0 want: 2.1.3
167 silly placeDep ROOT on-finished@2.4.1 OK for: send@0.18.0 want: 2.4.1
168 silly placeDep ROOT range-parser@1.2.1 OK for: send@0.18.0 want: ~1.2.1
169 silly placeDep ROOT statuses@2.0.1 OK for: send@0.18.0 want: 2.0.1
170 silly fetch manifest inherits@2.0.4
171 silly fetch manifest setprototypeof@1.2.0
172 silly fetch manifest toidentifier@1.0.1
173 silly fetch manifest ee-first@1.1.1
174 http fetch GET 200 https://registry.npmjs.org/setprototypeof 293ms (cache miss)
175 http fetch GET 200 https://registry.npmjs.org/inherits 311ms (cache miss)
176 http fetch GET 200 https://registry.npmjs.org/ee-first 732ms (cache miss)
177 http fetch GET 200 https://registry.npmjs.org/toidentifier 802ms (cache miss)
178 timing idealTree:node_modules/send Completed in 824ms
179 timing idealTree:node_modules/depd Completed in 0ms
180 timing idealTree:node_modules/destroy Completed in 0ms
181 timing idealTree:node_modules/etag Completed in 0ms
182 timing idealTree:node_modules/fresh Completed in 0ms
183 silly placeDep ROOT inherits@2.0.4 OK for: http-errors@2.0.0 want: 2.0.4
184 silly placeDep ROOT setprototypeof@1.2.0 OK for: http-errors@2.0.0 want: 1.2.0
185 silly placeDep ROOT toidentifier@1.0.1 OK for: http-errors@2.0.0 want: 1.0.1
186 timing idealTree:node_modules/http-errors Completed in 15ms
187 timing idealTree:node_modules/inherits Completed in 1ms
188 timing idealTree:node_modules/mime Completed in 0ms
189 silly placeDep ROOT ee-first@1.1.1 OK for: on-finished@2.4.1 want: 1.1.1
190 timing idealTree:node_modules/on-finished Completed in 3ms
191 timing idealTree:node_modules/ee-first Completed in 0ms
192 timing idealTree:node_modules/range-parser Completed in 0ms
193 timing idealTree:node_modules/setprototypeof Completed in 0ms
194 silly placeDep ROOT base64id@2.0.0 OK for: socket.io@4.7.5 want: ~2.0.0
195 silly placeDep ROOT cors@2.8.5 OK for: socket.io@4.7.5 want: ~2.8.5
196 silly placeDep node_modules/socket.io debug@4.3.4 OK for: socket.io@4.7.5 want: ~4.3.2
197 silly placeDep ROOT engine.io@6.5.4 OK for: socket.io@4.7.5 want: ~6.5.2
198 silly placeDep ROOT socket.io-adapter@2.5.4 OK for: socket.io@4.7.5 want: ~2.5.2
199 silly placeDep ROOT socket.io-parser@4.2.4 OK for: socket.io@4.7.5 want: ~4.2.4
200 silly fetch manifest object-assign@^4
201 silly fetch manifest ms@2.1.2
202 silly fetch manifest @types/cookie@^0.4.1
203 silly fetch manifest @types/cors@^2.8.12
204 silly fetch manifest @types/node@>=10.0.0
205 silly fetch manifest cookie@~0.4.1
206 silly fetch manifest debug@~4.3.1
207 silly fetch manifest engine.io-parser@~5.2.1
208 silly fetch manifest ws@~8.11.0
209 silly fetch manifest debug@~4.3.4
210 silly fetch manifest @socket.io/component-emitter@~3.1.0
211 http fetch GET 200 https://registry.npmjs.org/engine.io-parser 342ms (cache miss)
212 http fetch GET 200 https://registry.npmjs.org/object-assign 351ms (cache miss)
213 http fetch GET 200 https://registry.npmjs.org/@types%2fcors 547ms (cache miss)
214 http fetch GET 200 https://registry.npmjs.org/@types%2fnode 700ms (cache miss)
215 http fetch GET 200 https://registry.npmjs.org/ws 992ms (cache miss)
216 http fetch GET 200 https://registry.npmjs.org/cookie 1014ms (cache miss)
217 http fetch GET 200 https://registry.npmjs.org/@types%2fcookie 1304ms (cache miss)
218 http fetch GET 200 https://registry.npmjs.org/@socket.io%2fcomponent-emitter 1652ms (cache miss)
219 timing idealTree:node_modules/socket.io Completed in 1678ms
220 timing idealTree:node_modules/base64id Completed in 0ms
221 silly placeDep ROOT object-assign@4.1.1 OK for: cors@2.8.5 want: ^4
222 timing idealTree:node_modules/cors Completed in 4ms
223 silly fetch manifest bufferutil@^4.0.1
224 http fetch GET 200 https://registry.npmjs.org/bufferutil 297ms (cache miss)
225 silly fetch manifest utf-8-validate@^5.0.2
226 http fetch GET 200 https://registry.npmjs.org/utf-8-validate 351ms (cache miss)
227 silly placeDep ROOT @types/cookie@0.4.1 OK for: engine.io@6.5.4 want: ^0.4.1
228 silly placeDep ROOT @types/cors@2.8.17 OK for: engine.io@6.5.4 want: ^2.8.12
229 silly placeDep ROOT @types/node@20.12.11 OK for: engine.io@6.5.4 want: >=10.0.0
230 silly placeDep ROOT cookie@0.4.2 OK for: engine.io@6.5.4 want: ~0.4.1
231 silly placeDep node_modules/engine.io debug@4.3.4 OK for: engine.io@6.5.4 want: ~4.3.1
232 silly placeDep ROOT engine.io-parser@5.2.2 OK for: engine.io@6.5.4 want: ~5.2.1
233 silly placeDep ROOT ws@8.11.0 OK for: engine.io@6.5.4 want: ~8.11.0
234 silly fetch manifest undici-types@~5.26.4
235 http fetch GET 200 https://registry.npmjs.org/undici-types 322ms (cache miss)
236 timing idealTree:node_modules/engine.io Completed in 1014ms
237 timing idealTree:node_modules/@types/cookie Completed in 0ms
238 timing idealTree:node_modules/@types/cors Completed in 0ms
239 silly placeDep ROOT undici-types@5.26.5 OK for: @types/node@20.12.11 want: ~5.26.4
240 timing idealTree:node_modules/@types/node Completed in 1ms
241 timing idealTree:node_modules/cookie Completed in 0ms
242 timing idealTree:node_modules/engine.io-parser Completed in 0ms
243 timing idealTree:node_modules/object-assign Completed in 0ms
244 silly placeDep node_modules/socket.io-adapter debug@4.3.4 OK for: socket.io-adapter@2.5.4 want: ~4.3.4
245 timing idealTree:node_modules/socket.io-adapter Completed in 1ms
246 silly placeDep ROOT @socket.io/component-emitter@3.1.2 OK for: socket.io-parser@4.2.4 want: ~3.1.0
247 silly placeDep node_modules/socket.io-parser debug@4.3.4 OK for: socket.io-parser@4.2.4 want: ~4.3.1
248 timing idealTree:node_modules/socket.io-parser Completed in 6ms
249 timing idealTree:node_modules/@socket.io/component-emitter Completed in 0ms
250 timing idealTree:node_modules/statuses Completed in 0ms
251 timing idealTree:node_modules/toidentifier Completed in 0ms
252 timing idealTree:node_modules/undici-types Completed in 0ms
253 timing idealTree:node_modules/vary Completed in 0ms
254 timing idealTree:node_modules/ws Completed in 0ms
255 silly placeDep node_modules/engine.io ms@2.1.2 OK for: debug@4.3.4 want: 2.1.2
256 timing idealTree:node_modules/engine.io/node_modules/debug Completed in 16ms
257 timing idealTree:node_modules/engine.io/node_modules/ms Completed in 0ms
258 timing idealTree:node_modules/send/node_modules/ms Completed in 0ms
259 silly placeDep node_modules/socket.io-adapter ms@2.1.2 OK for: debug@4.3.4 want: 2.1.2
260 timing idealTree:node_modules/socket.io-adapter/node_modules/debug Completed in 6ms
261 timing idealTree:node_modules/socket.io-adapter/node_modules/ms Completed in 0ms
262 silly placeDep node_modules/socket.io-parser ms@2.1.2 OK for: debug@4.3.4 want: 2.1.2
263 timing idealTree:node_modules/socket.io-parser/node_modules/debug Completed in 4ms
264 timing idealTree:node_modules/socket.io-parser/node_modules/ms Completed in 0ms
265 silly placeDep node_modules/socket.io ms@2.1.2 OK for: debug@4.3.4 want: 2.1.2
266 timing idealTree:node_modules/socket.io/node_modules/debug Completed in 3ms
267 timing idealTree:node_modules/socket.io/node_modules/ms Completed in 0ms
268 timing idealTree:buildDeps Completed in 14403ms
269 timing idealTree:fixDepFlags Completed in 1ms
270 timing idealTree Completed in 14425ms
271 timing reify:loadTrees Completed in 14427ms
272 timing reify:diffTrees Completed in 2ms
273 silly reify moves {}
274 timing reify:retireShallow Completed in 1ms
275 timing reify:createSparse Completed in 7ms
276 timing reify:trashOmits Completed in 2ms
277 timing reify:loadBundles Completed in 0ms
278 silly tarball no local data for @socket.io/component-emitter@https://registry.npmjs.org/@socket.io/component-emitter/-/component-emitter-3.1.2.tgz. Extracting by manifest.
279 silly tarball no local data for ws@https://registry.npmjs.org/ws/-/ws-8.11.0.tgz. Extracting by manifest.
280 silly tarball no local data for engine.io-parser@https://registry.npmjs.org/engine.io-parser/-/engine.io-parser-5.2.2.tgz. Extracting by manifest.
281 silly tarball no local data for undici-types@https://registry.npmjs.org/undici-types/-/undici-types-5.26.5.tgz. Extracting by manifest.
282 silly tarball no local data for cookie@https://registry.npmjs.org/cookie/-/cookie-0.4.2.tgz. Extracting by manifest.
283 silly tarball no local data for @types/cors@https://registry.npmjs.org/@types/cors/-/cors-2.8.17.tgz. Extracting by manifest.
284 silly tarball no local data for object-assign@https://registry.npmjs.org/object-assign/-/object-assign-4.1.1.tgz. Extracting by manifest.
285 silly tarball no local data for @types/cookie@https://registry.npmjs.org/@types/cookie/-/cookie-0.4.1.tgz. Extracting by manifest.
286 silly tarball no local data for @types/node@https://registry.npmjs.org/@types/node/-/node-20.12.11.tgz. Extracting by manifest.
287 silly tarball no local data for socket.io-parser@https://registry.npmjs.org/socket.io-parser/-/socket.io-parser-4.2.4.tgz. Extracting by manifest.
288 silly tarball no local data for engine.io@https://registry.npmjs.org/engine.io/-/engine.io-6.5.4.tgz. Extracting by manifest.
289 silly tarball no local data for socket.io-adapter@https://registry.npmjs.org/socket.io-adapter/-/socket.io-adapter-2.5.4.tgz. Extracting by manifest.
290 silly tarball no local data for cors@https://registry.npmjs.org/cors/-/cors-2.8.5.tgz. Extracting by manifest.
291 silly tarball no local data for base64id@https://registry.npmjs.org/base64id/-/base64id-2.0.0.tgz. Extracting by manifest.
292 silly tarball no local data for ee-first@https://registry.npmjs.org/ee-first/-/ee-first-1.1.1.tgz. Extracting by manifest.
293 silly tarball no local data for setprototypeof@https://registry.npmjs.org/setprototypeof/-/setprototypeof-1.2.0.tgz. Extracting by manifest.
294 silly tarball no local data for inherits@https://registry.npmjs.org/inherits/-/inherits-2.0.4.tgz. Extracting by manifest.
295 silly tarball no local data for toidentifier@https://registry.npmjs.org/toidentifier/-/toidentifier-1.0.1.tgz. Extracting by manifest.
296 silly tarball no local data for statuses@https://registry.npmjs.org/statuses/-/statuses-2.0.1.tgz. Extracting by manifest.
297 silly tarball no local data for range-parser@https://registry.npmjs.org/range-parser/-/range-parser-1.2.1.tgz. Extracting by manifest.
298 silly tarball no local data for on-finished@https://registry.npmjs.org/on-finished/-/on-finished-2.4.1.tgz. Extracting by manifest.
299 silly tarball no local data for mime@https://registry.npmjs.org/mime/-/mime-1.6.0.tgz. Extracting by manifest.
300 silly tarball no local data for http-errors@https://registry.npmjs.org/http-errors/-/http-errors-2.0.0.tgz. Extracting by manifest.
301 silly tarball no local data for fresh@https://registry.npmjs.org/fresh/-/fresh-0.5.2.tgz. Extracting by manifest.
302 silly tarball no local data for destroy@https://registry.npmjs.org/destroy/-/destroy-1.2.0.tgz. Extracting by manifest.
303 silly tarball no local data for etag@https://registry.npmjs.org/etag/-/etag-1.8.1.tgz. Extracting by manifest.
304 silly tarball no local data for depd@https://registry.npmjs.org/depd/-/depd-2.0.0.tgz. Extracting by manifest.
305 silly tarball no local data for send@https://registry.npmjs.org/send/-/send-0.18.0.tgz. Extracting by manifest.
306 silly tarball no local data for escape-html@https://registry.npmjs.org/escape-html/-/escape-html-1.0.3.tgz. Extracting by manifest.
307 silly tarball no local data for parseurl@https://registry.npmjs.org/parseurl/-/parseurl-1.3.3.tgz. Extracting by manifest.
308 silly tarball no local data for encodeurl@https://registry.npmjs.org/encodeurl/-/encodeurl-1.0.2.tgz. Extracting by manifest.
309 silly tarball no local data for jquery@https://registry.npmjs.org/jquery/-/jquery-3.7.1.tgz. Extracting by manifest.
310 silly tarball no local data for ms@https://registry.npmjs.org/ms/-/ms-2.0.0.tgz. Extracting by manifest.
311 silly tarball no local data for mime-db@https://registry.npmjs.org/mime-db/-/mime-db-1.52.0.tgz. Extracting by manifest.
312 silly tarball no local data for negotiator@https://registry.npmjs.org/negotiator/-/negotiator-0.6.3.tgz. Extracting by manifest.
313 silly tarball no local data for vary@https://registry.npmjs.org/vary/-/vary-1.1.2.tgz. Extracting by manifest.
314 silly tarball no local data for mime-types@https://registry.npmjs.org/mime-types/-/mime-types-2.1.35.tgz. Extracting by manifest.
315 silly tarball no local data for safe-buffer@https://registry.npmjs.org/safe-buffer/-/safe-buffer-5.1.2.tgz. Extracting by manifest.
316 silly tarball no local data for debug@https://registry.npmjs.org/debug/-/debug-2.6.9.tgz. Extracting by manifest.
317 silly tarball no local data for on-headers@https://registry.npmjs.org/on-headers/-/on-headers-1.0.2.tgz. Extracting by manifest.
318 silly tarball no local data for compressible@https://registry.npmjs.org/compressible/-/compressible-2.0.18.tgz. Extracting by manifest.
319 silly tarball no local data for bytes@https://registry.npmjs.org/bytes/-/bytes-3.0.0.tgz. Extracting by manifest.
320 silly tarball no local data for socket.io@https://registry.npmjs.org/socket.io/-/socket.io-4.7.5.tgz. Extracting by manifest.
321 silly tarball no local data for accepts@https://registry.npmjs.org/accepts/-/accepts-1.3.8.tgz. Extracting by manifest.
322 silly tarball no local data for serve-static@https://registry.npmjs.org/serve-static/-/serve-static-1.15.0.tgz. Extracting by manifest.
323 silly tarball no local data for gridstack@https://registry.npmjs.org/gridstack/-/gridstack-0.6.4.tgz. Extracting by manifest.
324 silly tarball no local data for compression@https://registry.npmjs.org/compression/-/compression-1.7.4.tgz. Extracting by manifest.
325 silly tarball no local data for node-red-dashboard@https://registry.npmjs.org/node-red-dashboard/-/node-red-dashboard-3.6.5.tgz. Extracting by manifest.
326 silly tarball no local data for node-red-node-ui-lineargauge@https://registry.npmjs.org/node-red-node-ui-lineargauge/-/node-red-node-ui-lineargauge-0.3.7.tgz. Extracting by manifest.
327 silly tarball no local data for debug@https://registry.npmjs.org/debug/-/debug-4.3.4.tgz. Extracting by manifest.
328 silly tarball no local data for ms@https://registry.npmjs.org/ms/-/ms-2.1.2.tgz. Extracting by manifest.
329 silly tarball no local data for ms@https://registry.npmjs.org/ms/-/ms-2.1.2.tgz. Extracting by manifest.
330 silly tarball no local data for ms@https://registry.npmjs.org/ms/-/ms-2.1.2.tgz. Extracting by manifest.
331 silly tarball no local data for debug@https://registry.npmjs.org/debug/-/debug-4.3.4.tgz. Extracting by manifest.
332 silly tarball no local data for debug@https://registry.npmjs.org/debug/-/debug-4.3.4.tgz. Extracting by manifest.
333 silly tarball no local data for debug@https://registry.npmjs.org/debug/-/debug-4.3.4.tgz. Extracting by manifest.
334 silly tarball no local data for ms@https://registry.npmjs.org/ms/-/ms-2.1.2.tgz. Extracting by manifest.
335 silly tarball no local data for ms@https://registry.npmjs.org/ms/-/ms-2.1.3.tgz. Extracting by manifest.
336 http fetch GET 200 https://registry.npmjs.org/cookie/-/cookie-0.4.2.tgz 399ms (cache miss)
337 timing reifyNode:node_modules/cookie Completed in 458ms
338 http fetch GET 200 https://registry.npmjs.org/ee-first/-/ee-first-1.1.1.tgz 363ms (cache miss)
339 timing reifyNode:node_modules/ee-first Completed in 455ms
340 http fetch GET 200 https://registry.npmjs.org/cors/-/cors-2.8.5.tgz 392ms (cache miss)
341 timing reifyNode:node_modules/cors Completed in 480ms
342 http fetch GET 200 https://registry.npmjs.org/base64id/-/base64id-2.0.0.tgz 390ms (cache miss)
343 timing reifyNode:node_modules/base64id Completed in 480ms
344 http fetch GET 200 https://registry.npmjs.org/socket.io-adapter/-/socket.io-adapter-2.5.4.tgz 396ms (cache miss)
345 timing reifyNode:node_modules/socket.io-adapter Completed in 483ms
346 http fetch GET 200 https://registry.npmjs.org/setprototypeof/-/setprototypeof-1.2.0.tgz 505ms (cache miss)
347 timing reifyNode:node_modules/setprototypeof Completed in 597ms
348 http fetch GET 200 https://registry.npmjs.org/toidentifier/-/toidentifier-1.0.1.tgz 502ms (cache miss)
349 timing reifyNode:node_modules/toidentifier Completed in 599ms
350 http fetch GET 200 https://registry.npmjs.org/mime/-/mime-1.6.0.tgz 492ms (cache miss)
351 timing reifyNode:node_modules/mime Completed in 599ms
352 http fetch GET 200 https://registry.npmjs.org/on-finished/-/on-finished-2.4.1.tgz 499ms (cache miss)
353 timing reifyNode:node_modules/on-finished Completed in 604ms
354 http fetch GET 200 https://registry.npmjs.org/object-assign/-/object-assign-4.1.1.tgz 538ms (cache miss)
355 timing reifyNode:node_modules/object-assign Completed in 610ms
356 http fetch GET 200 https://registry.npmjs.org/statuses/-/statuses-2.0.1.tgz 510ms (cache miss)
357 timing reifyNode:node_modules/statuses Completed in 612ms
358 http fetch GET 200 https://registry.npmjs.org/inherits/-/inherits-2.0.4.tgz 518ms (cache miss)
359 timing reifyNode:node_modules/inherits Completed in 612ms
360 http fetch GET 200 https://registry.npmjs.org/socket.io-parser/-/socket.io-parser-4.2.4.tgz 543ms (cache miss)
361 http fetch GET 200 https://registry.npmjs.org/range-parser/-/range-parser-1.2.1.tgz 519ms (cache miss)
362 timing reifyNode:node_modules/range-parser Completed in 623ms
363 http fetch GET 200 https://registry.npmjs.org/fresh/-/fresh-0.5.2.tgz 514ms (cache miss)
364 timing reifyNode:node_modules/fresh Completed in 623ms
365 http fetch GET 200 https://registry.npmjs.org/http-errors/-/http-errors-2.0.0.tgz 515ms (cache miss)
366 timing reifyNode:node_modules/http-errors Completed in 624ms
367 http fetch GET 200 https://registry.npmjs.org/destroy/-/destroy-1.2.0.tgz 516ms (cache miss)
368 timing reifyNode:node_modules/destroy Completed in 625ms
369 http fetch GET 200 https://registry.npmjs.org/send/-/send-0.18.0.tgz 514ms (cache miss)
370 timing reifyNode:node_modules/send Completed in 625ms
371 http fetch GET 200 https://registry.npmjs.org/escape-html/-/escape-html-1.0.3.tgz 513ms (cache miss)
372 timing reifyNode:node_modules/escape-html Completed in 625ms
373 http fetch GET 200 https://registry.npmjs.org/safe-buffer/-/safe-buffer-5.1.2.tgz 497ms (cache miss)
374 timing reifyNode:node_modules/safe-buffer Completed in 624ms
375 timing reifyNode:node_modules/socket.io-parser Completed in 642ms
376 http fetch GET 200 https://registry.npmjs.org/parseurl/-/parseurl-1.3.3.tgz 530ms (cache miss)
377 timing reifyNode:node_modules/parseurl Completed in 643ms
378 http fetch GET 200 https://registry.npmjs.org/encodeurl/-/encodeurl-1.0.2.tgz 530ms (cache miss)
379 timing reifyNode:node_modules/encodeurl Completed in 645ms
380 http fetch GET 200 https://registry.npmjs.org/etag/-/etag-1.8.1.tgz 543ms (cache miss)
381 timing reifyNode:node_modules/etag Completed in 653ms
382 http fetch GET 200 https://registry.npmjs.org/compressible/-/compressible-2.0.18.tgz 522ms (cache miss)
383 timing reifyNode:node_modules/compressible Completed in 651ms
384 http fetch GET 200 https://registry.npmjs.org/ms/-/ms-2.0.0.tgz 540ms (cache miss)
385 timing reifyNode:node_modules/ms Completed in 658ms
386 http fetch GET 200 https://registry.npmjs.org/negotiator/-/negotiator-0.6.3.tgz 532ms (cache miss)
387 timing reifyNode:node_modules/negotiator Completed in 656ms
388 http fetch GET 200 https://registry.npmjs.org/depd/-/depd-2.0.0.tgz 552ms (cache miss)
389 timing reifyNode:node_modules/depd Completed in 662ms
390 http fetch GET 200 https://registry.npmjs.org/on-headers/-/on-headers-1.0.2.tgz 532ms (cache miss)
391 timing reifyNode:node_modules/on-headers Completed in 660ms
392 http fetch GET 200 https://registry.npmjs.org/undici-types/-/undici-types-5.26.5.tgz 621ms (cache miss)
393 timing reifyNode:node_modules/undici-types Completed in 675ms
394 http fetch GET 200 https://registry.npmjs.org/vary/-/vary-1.1.2.tgz 540ms (cache miss)
395 timing reifyNode:node_modules/vary Completed in 664ms
396 http fetch GET 200 https://registry.npmjs.org/mime-types/-/mime-types-2.1.35.tgz 540ms (cache miss)
397 timing reifyNode:node_modules/mime-types Completed in 666ms
398 http fetch GET 200 https://registry.npmjs.org/@types/cors/-/cors-2.8.17.tgz 607ms (cache miss)
399 timing reifyNode:node_modules/@types/cors Completed in 676ms
400 http fetch GET 200 https://registry.npmjs.org/bytes/-/bytes-3.0.0.tgz 538ms (cache miss)
401 timing reifyNode:node_modules/bytes Completed in 668ms
402 http fetch GET 200 https://registry.npmjs.org/debug/-/debug-4.3.4.tgz 530ms (cache miss)
403 timing reifyNode:node_modules/socket.io-parser/node_modules/debug Completed in 675ms
404 http fetch GET 200 https://registry.npmjs.org/ms/-/ms-2.1.2.tgz 527ms (cache miss)
405 timing reifyNode:node_modules/engine.io/node_modules/ms Completed in 674ms
406 http fetch GET 200 https://registry.npmjs.org/debug/-/debug-2.6.9.tgz 543ms (cache miss)
407 http fetch GET 200 https://registry.npmjs.org/accepts/-/accepts-1.3.8.tgz 538ms (cache miss)
408 timing reifyNode:node_modules/accepts Completed in 670ms
409 http fetch GET 200 https://registry.npmjs.org/debug/-/debug-4.3.4.tgz 528ms (cache miss)
410 timing reifyNode:node_modules/socket.io-adapter/node_modules/debug Completed in 676ms
411 http fetch GET 200 https://registry.npmjs.org/debug/-/debug-4.3.4.tgz 521ms (cache miss)
412 timing reifyNode:node_modules/socket.io/node_modules/debug Completed in 670ms
413 http fetch GET 200 https://registry.npmjs.org/mime-db/-/mime-db-1.52.0.tgz 557ms (cache miss)
414 timing reifyNode:node_modules/mime-db Completed in 675ms
415 http fetch GET 200 https://registry.npmjs.org/compression/-/compression-1.7.4.tgz 537ms (cache miss)
416 timing reifyNode:node_modules/compression Completed in 672ms
417 http fetch GET 200 https://registry.npmjs.org/ms/-/ms-2.1.2.tgz 521ms (cache miss)
418 timing reifyNode:node_modules/socket.io/node_modules/ms Completed in 672ms
419 http fetch GET 200 https://registry.npmjs.org/ms/-/ms-2.1.2.tgz 534ms (cache miss)
420 timing reifyNode:node_modules/socket.io-parser/node_modules/ms Completed in 680ms
421 http fetch GET 200 https://registry.npmjs.org/ms/-/ms-2.1.2.tgz 533ms (cache miss)
422 timing reifyNode:node_modules/socket.io-adapter/node_modules/ms Completed in 681ms
423 http fetch GET 200 https://registry.npmjs.org/ms/-/ms-2.1.3.tgz 522ms (cache miss)
424 timing reifyNode:node_modules/send/node_modules/ms Completed in 678ms
425 timing reifyNode:node_modules/debug Completed in 677ms
426 http fetch GET 200 https://registry.npmjs.org/serve-static/-/serve-static-1.15.0.tgz 546ms (cache miss)
427 timing reifyNode:node_modules/serve-static Completed in 678ms
428 http fetch GET 200 https://registry.npmjs.org/ws/-/ws-8.11.0.tgz 640ms (cache miss)
429 timing reifyNode:node_modules/ws Completed in 690ms
430 http fetch GET 200 https://registry.npmjs.org/engine.io-parser/-/engine.io-parser-5.2.2.tgz 642ms (cache miss)
431 timing reifyNode:node_modules/engine.io-parser Completed in 694ms
432 http fetch GET 200 https://registry.npmjs.org/debug/-/debug-4.3.4.tgz 539ms (cache miss)
433 timing reifyNode:node_modules/engine.io/node_modules/debug Completed in 693ms
434 http fetch GET 200 https://registry.npmjs.org/engine.io/-/engine.io-6.5.4.tgz 623ms (cache miss)
435 timing reifyNode:node_modules/engine.io Completed in 707ms
436 http fetch GET 200 https://registry.npmjs.org/socket.io/-/socket.io-4.7.5.tgz 627ms (cache miss)
437 timing reifyNode:node_modules/socket.io Completed in 758ms
438 http fetch GET 200 https://registry.npmjs.org/jquery/-/jquery-3.7.1.tgz 693ms (cache miss)
439 timing reifyNode:node_modules/jquery Completed in 809ms
440 http fetch GET 200 https://registry.npmjs.org/@socket.io/component-emitter/-/component-emitter-3.1.2.tgz 902ms (cache miss)
441 timing reifyNode:node_modules/@socket.io/component-emitter Completed in 953ms
442 http fetch GET 200 https://registry.npmjs.org/@types/cookie/-/cookie-0.4.1.tgz 912ms (cache miss)
443 timing reifyNode:node_modules/@types/cookie Completed in 988ms
444 http fetch GET 200 https://registry.npmjs.org/@types/node/-/node-20.12.11.tgz 1051ms (cache miss)
445 timing reifyNode:node_modules/@types/node Completed in 1132ms
446 http fetch GET 200 https://registry.npmjs.org/node-red-node-ui-lineargauge/-/node-red-node-ui-lineargauge-0.3.7.tgz 1322ms (cache miss)
447 timing reifyNode:node_modules/node-red-node-ui-lineargauge Completed in 1459ms
448 http fetch GET 200 https://registry.npmjs.org/gridstack/-/gridstack-0.6.4.tgz 1641ms (cache miss)
449 timing reifyNode:node_modules/gridstack Completed in 1774ms
450 http fetch GET 200 https://registry.npmjs.org/node-red-dashboard/-/node-red-dashboard-3.6.5.tgz 2303ms (cache miss)
451 timing reifyNode:node_modules/node-red-dashboard Completed in 2440ms
452 timing reify:unpack Completed in 2455ms
453 timing reify:unretire Completed in 2ms
454 timing build:queue Completed in 8ms
455 timing build:link:node_modules/mime Completed in 5ms
456 timing build:link Completed in 5ms
457 info run node-red-dashboard@3.6.5 postinstall node_modules/node-red-dashboard node fixgrid.js
458 info run node-red-dashboard@3.6.5 postinstall { code: 0, signal: null }
459 timing build:run:postinstall:node_modules/node-red-dashboard Completed in 58ms
460 timing build:run:postinstall Completed in 58ms
461 timing build:deps Completed in 73ms
462 timing build Completed in 75ms
463 timing reify:build Completed in 76ms
464 timing reify:trash Completed in 0ms
465 timing reify:save Completed in 16ms
466 timing reify Completed in 17009ms
467 silly ADD node_modules/@socket.io/component-emitter
468 silly ADD node_modules/undici-types
469 silly ADD node_modules/ws
470 silly ADD node_modules/engine.io-parser
471 silly ADD node_modules/cookie
472 silly ADD node_modules/@types/node
473 silly ADD node_modules/@types/cors
474 silly ADD node_modules/@types/cookie
475 silly ADD node_modules/object-assign
476 silly ADD node_modules/socket.io-parser
477 silly ADD node_modules/socket.io-parser/node_modules/ms
478 silly ADD node_modules/socket.io-parser/node_modules/debug
479 silly ADD node_modules/socket.io-adapter
480 silly ADD node_modules/socket.io-adapter/node_modules/ms
481 silly ADD node_modules/socket.io-adapter/node_modules/debug
482 silly ADD node_modules/engine.io
483 silly ADD node_modules/engine.io/node_modules/ms
484 silly ADD node_modules/engine.io/node_modules/debug
485 silly ADD node_modules/cors
486 silly ADD node_modules/base64id
487 silly ADD node_modules/ee-first
488 silly ADD node_modules/toidentifier
489 silly ADD node_modules/setprototypeof
490 silly ADD node_modules/inherits
491 silly ADD node_modules/statuses
492 silly ADD node_modules/range-parser
493 silly ADD node_modules/on-finished
494 silly ADD node_modules/mime
495 silly ADD node_modules/http-errors
496 silly ADD node_modules/fresh
497 silly ADD node_modules/etag
498 silly ADD node_modules/destroy
499 silly ADD node_modules/depd
500 silly ADD node_modules/send
501 silly ADD node_modules/send/node_modules/ms
502 silly ADD node_modules/parseurl
503 silly ADD node_modules/escape-html
504 silly ADD node_modules/encodeurl
505 silly ADD node_modules/jquery
506 silly ADD node_modules/ms
507 silly ADD node_modules/mime-db
508 silly ADD node_modules/negotiator
509 silly ADD node_modules/mime-types
510 silly ADD node_modules/vary
511 silly ADD node_modules/safe-buffer
512 silly ADD node_modules/on-headers
513 silly ADD node_modules/debug
514 silly ADD node_modules/compressible
515 silly ADD node_modules/bytes
516 silly ADD node_modules/accepts
517 silly ADD node_modules/socket.io
518 silly ADD node_modules/socket.io/node_modules/ms
519 silly ADD node_modules/socket.io/node_modules/debug
520 silly ADD node_modules/serve-static
521 silly ADD node_modules/gridstack
522 silly ADD node_modules/compression
523 silly ADD node_modules/node-red-dashboard
524 silly ADD node_modules/node-red-node-ui-lineargauge
525 timing command:install Completed in 17015ms
526 verbose exit 0
527 timing npm Completed in 17169ms
528 info ok
